<?xml version="1.0" encoding="UTF-8"?>
<!-- Generated by org.testng.reporters.JUnitXMLReporter -->
<testsuite ignored="1" hostname="QT-INBG-LT2007" failures="1" tests="12" name="Regression testing" time="0.088" errors="0" timestamp="2022-10-13T19:15:31 IST">
  <testcase classname="basicsoftestng.day1" name="demo1" time="0.0">
    <failure type="org.testng.TestNGException" message="
Parameter &amp;apos;URL&amp;apos; is required by @Test on method demo1 but has not been marked @Optional or defined
in C:\Users\mubeena\eclipse-workspace-1\Test\testng2.xml">
      <![CDATA[org.testng.TestNGException: 
Parameter 'URL' is required by @Test on method demo1 but has not been marked @Optional or defined
in C:\Users\mubeena\eclipse-workspace-1\Test\testng2.xml
at java.base/java.util.ArrayList.forEach(ArrayList.java:1511)
... Removed 26 stack frames]]>
    </failure>
  </testcase> <!-- demo1 -->
  <testcase classname="basicsoftestng.day1" name="a1" time="0.0">
    <skipped/>
  </testcase> <!-- a1 -->
  <testcase classname="basicsoftestng.day2" name="demo2" time="0.003"/>
  <testcase classname="basicsoftestng.day3" name="APILogincarloan" time="0.001"/>
  <testcase classname="basicsoftestng.day3" name="MobileloginCarLoan" time="0.001"/>
  <testcase classname="basicsoftestng.day3" name="MobilesigninCarLoan" time="0.001"/>
  <testcase classname="basicsoftestng.day3" name="MobilesigninCarLoan" time="0.001"/>
  <testcase classname="basicsoftestng.day3" name="MobilesigninCarLoan" time="0.001"/>
  <testcase classname="basicsoftestng.day3" name="MobilesignoutCarLoan" time="0.006"/>
  <testcase classname="basicsoftestng.day3" name="WebloginCarLoan" time="0.001"/>
  <testcase classname="basicsoftestng.day4" name="APILoginhomeloan" time="0.001"/>
  <testcase classname="basicsoftestng.day4" name="WebloginHomeLoan" time="0.001"/>
  <testcase classname="basicsoftestng.day4" name="MobileloginHomeLoan" time="0.0">
    <ignored/>
  </testcase> <!-- MobileloginHomeLoan -->
</testsuite> <!-- Regression testing -->
